0 info it worked if it ends with ok
1 verbose cli [ 'C:\\Program Files\\nodejs\\node.exe',
1 verbose cli   'C:\\Program Files\\nodejs\\node_modules\\npm\\bin\\npm-cli.js',
1 verbose cli   'install',
1 verbose cli   'cordova-plugin-geolocation@~3.0.1-dev',
1 verbose cli   '--production',
1 verbose cli   '--no-save' ]
2 info using npm@3.10.10
3 info using node@v6.11.4
4 silly loadCurrentTree Starting
5 silly install loadCurrentTree
6 silly install readLocalPackageData
7 silly fetchPackageMetaData cordova-plugin-geolocation@~3.0.1-dev
8 silly fetchNamedPackageData cordova-plugin-geolocation
9 silly mapToRegistry name cordova-plugin-geolocation
10 silly mapToRegistry using default registry
11 silly mapToRegistry registry https://registry.npmjs.org/
12 silly mapToRegistry data Result {
12 silly mapToRegistry   raw: 'cordova-plugin-geolocation',
12 silly mapToRegistry   scope: null,
12 silly mapToRegistry   escapedName: 'cordova-plugin-geolocation',
12 silly mapToRegistry   name: 'cordova-plugin-geolocation',
12 silly mapToRegistry   rawSpec: '',
12 silly mapToRegistry   spec: 'latest',
12 silly mapToRegistry   type: 'tag' }
13 silly mapToRegistry uri https://registry.npmjs.org/cordova-plugin-geolocation
14 verbose request uri https://registry.npmjs.org/cordova-plugin-geolocation
15 verbose request no auth needed
16 info attempt registry request try #1 at 23:55:31
17 verbose request id c24d31976f68136a
18 verbose etag "5a064a43-ef51"
19 verbose lastModified Sat, 11 Nov 2017 0:54:27 GMT
20 http request GET https://registry.npmjs.org/cordova-plugin-geolocation
21 http 304 https://registry.npmjs.org/cordova-plugin-geolocation
22 verbose headers { date: 'Wed, 06 Dec 2017 21:55:29 GMT',
22 verbose headers   via: '1.1 varnish',
22 verbose headers   'cache-control': 'max-age=300',
22 verbose headers   etag: '"5a064a43-ef51"',
22 verbose headers   age: '2440',
22 verbose headers   connection: 'keep-alive',
22 verbose headers   'x-served-by': 'cache-hhn1538-HHN',
22 verbose headers   'x-cache': 'HIT',
22 verbose headers   'x-cache-hits': '1',
22 verbose headers   'x-timer': 'S1512597329.429982,VS0,VE1',
22 verbose headers   vary: 'Accept-Encoding, Accept' }
23 silly get cb [ 304,
23 silly get   { date: 'Wed, 06 Dec 2017 21:55:29 GMT',
23 silly get     via: '1.1 varnish',
23 silly get     'cache-control': 'max-age=300',
23 silly get     etag: '"5a064a43-ef51"',
23 silly get     age: '2440',
23 silly get     connection: 'keep-alive',
23 silly get     'x-served-by': 'cache-hhn1538-HHN',
23 silly get     'x-cache': 'HIT',
23 silly get     'x-cache-hits': '1',
23 silly get     'x-timer': 'S1512597329.429982,VS0,VE1',
23 silly get     vary: 'Accept-Encoding, Accept' } ]
24 verbose etag https://registry.npmjs.org/cordova-plugin-geolocation from cache
25 verbose get saving cordova-plugin-geolocation to C:\Users\3kn15\AppData\Roaming\npm-cache\registry.npmjs.org\cordova-plugin-geolocation\.cache.json
26 verbose correctMkdir C:\Users\3kn15\AppData\Roaming\npm-cache correctMkdir not in flight; initializing
27 silly fetchNamedPackageData No valid target from cache, forcing network
28 verbose request uri https://registry.npmjs.org/cordova-plugin-geolocation
29 verbose request no auth needed
30 info attempt registry request try #1 at 23:55:32
31 http request GET https://registry.npmjs.org/cordova-plugin-geolocation
32 http 200 https://registry.npmjs.org/cordova-plugin-geolocation
33 verbose headers { 'content-type': 'application/json; charset=UTF-8',
33 verbose headers   server: 'UploadServer',
33 verbose headers   'cache-control': 'max-age=300',
33 verbose headers   'last-modified': 'Sat, 11 Nov 2017 0:54:27 GMT',
33 verbose headers   etag: '"5a064a43-ef51"',
33 verbose headers   'content-length': '61265',
33 verbose headers   'accept-ranges': 'bytes',
33 verbose headers   date: 'Wed, 06 Dec 2017 21:55:29 GMT',
33 verbose headers   via: '1.1 varnish',
33 verbose headers   age: '2440',
33 verbose headers   connection: 'keep-alive',
33 verbose headers   'x-served-by': 'cache-hhn1538-HHN',
33 verbose headers   'x-cache': 'HIT',
33 verbose headers   'x-cache-hits': '2',
33 verbose headers   'x-timer': 'S1512597330.613410,VS0,VE0',
33 verbose headers   vary: 'Accept-Encoding, Accept' }
34 silly get cb [ 200,
34 silly get   { 'content-type': 'application/json; charset=UTF-8',
34 silly get     server: 'UploadServer',
34 silly get     'cache-control': 'max-age=300',
34 silly get     'last-modified': 'Sat, 11 Nov 2017 0:54:27 GMT',
34 silly get     etag: '"5a064a43-ef51"',
34 silly get     'content-length': '61265',
34 silly get     'accept-ranges': 'bytes',
34 silly get     date: 'Wed, 06 Dec 2017 21:55:29 GMT',
34 silly get     via: '1.1 varnish',
34 silly get     age: '2440',
34 silly get     connection: 'keep-alive',
34 silly get     'x-served-by': 'cache-hhn1538-HHN',
34 silly get     'x-cache': 'HIT',
34 silly get     'x-cache-hits': '2',
34 silly get     'x-timer': 'S1512597330.613410,VS0,VE0',
34 silly get     vary: 'Accept-Encoding, Accept' } ]
35 verbose get saving cordova-plugin-geolocation to C:\Users\3kn15\AppData\Roaming\npm-cache\registry.npmjs.org\cordova-plugin-geolocation\.cache.json
36 verbose correctMkdir C:\Users\3kn15\AppData\Roaming\npm-cache correctMkdir not in flight; initializing
37 silly fetchPackageMetaData Error: No compatible version found: cordova-plugin-geolocation@~3.0.1-dev
37 silly fetchPackageMetaData Valid install targets:
37 silly fetchPackageMetaData 3.0.0, 2.4.3, 2.4.2, 2.4.1, 2.4.0, 2.3.0, 2.2.0, 2.1.0, 2.0.0, 1.0.1, 1.0.0, 0.3.12, 0.3.11, 0.3.10, 0.3.9, 0.3.8, 0.3.7, 0.3.6, 0.3.5, 0.3.4, 0.3.3, 0.3.2, 0.3.0
37 silly fetchPackageMetaData
37 silly fetchPackageMetaData     at pickVersionFromRegistryDocument (C:\Program Files\nodejs\node_modules\npm\lib\fetch-package-metadata.js:178:16)
37 silly fetchPackageMetaData     at C:\Program Files\nodejs\node_modules\npm\node_modules\iferr\index.js:13:50
37 silly fetchPackageMetaData     at C:\Program Files\nodejs\node_modules\npm\lib\utils\pulse-till-done.js:20:8
37 silly fetchPackageMetaData     at saved (C:\Program Files\nodejs\node_modules\npm\lib\cache\caching-client.js:174:7)
37 silly fetchPackageMetaData     at C:\Program Files\nodejs\node_modules\npm\node_modules\graceful-fs\polyfills.js:241:18
37 silly fetchPackageMetaData     at FSReqWrap.oncomplete (fs.js:123:15)
37 silly fetchPackageMetaData  error for cordova-plugin-geolocation@~3.0.1-dev { Error: No compatible version found: cordova-plugin-geolocation@~3.0.1-dev
37 silly fetchPackageMetaData Valid install targets:
37 silly fetchPackageMetaData 3.0.0, 2.4.3, 2.4.2, 2.4.1, 2.4.0, 2.3.0, 2.2.0, 2.1.0, 2.0.0, 1.0.1, 1.0.0, 0.3.12, 0.3.11, 0.3.10, 0.3.9, 0.3.8, 0.3.7, 0.3.6, 0.3.5, 0.3.4, 0.3.3, 0.3.2, 0.3.0
37 silly fetchPackageMetaData
37 silly fetchPackageMetaData     at pickVersionFromRegistryDocument (C:\Program Files\nodejs\node_modules\npm\lib\fetch-package-metadata.js:178:16)
37 silly fetchPackageMetaData     at C:\Program Files\nodejs\node_modules\npm\node_modules\iferr\index.js:13:50
37 silly fetchPackageMetaData     at C:\Program Files\nodejs\node_modules\npm\lib\utils\pulse-till-done.js:20:8
37 silly fetchPackageMetaData     at saved (C:\Program Files\nodejs\node_modules\npm\lib\cache\caching-client.js:174:7)
37 silly fetchPackageMetaData     at C:\Program Files\nodejs\node_modules\npm\node_modules\graceful-fs\polyfills.js:241:18
37 silly fetchPackageMetaData     at FSReqWrap.oncomplete (fs.js:123:15) code: 'ETARGET' }
38 silly rollbackFailedOptional Starting
39 silly rollbackFailedOptional Finishing
40 silly runTopLevelLifecycles Finishing
41 silly install printInstalled
42 verbose stack Error: No compatible version found: cordova-plugin-geolocation@~3.0.1-dev
42 verbose stack Valid install targets:
42 verbose stack 3.0.0, 2.4.3, 2.4.2, 2.4.1, 2.4.0, 2.3.0, 2.2.0, 2.1.0, 2.0.0, 1.0.1, 1.0.0, 0.3.12, 0.3.11, 0.3.10, 0.3.9, 0.3.8, 0.3.7, 0.3.6, 0.3.5, 0.3.4, 0.3.3, 0.3.2, 0.3.0
42 verbose stack
42 verbose stack     at pickVersionFromRegistryDocument (C:\Program Files\nodejs\node_modules\npm\lib\fetch-package-metadata.js:178:16)
42 verbose stack     at C:\Program Files\nodejs\node_modules\npm\node_modules\iferr\index.js:13:50
42 verbose stack     at C:\Program Files\nodejs\node_modules\npm\lib\utils\pulse-till-done.js:20:8
42 verbose stack     at saved (C:\Program Files\nodejs\node_modules\npm\lib\cache\caching-client.js:174:7)
42 verbose stack     at C:\Program Files\nodejs\node_modules\npm\node_modules\graceful-fs\polyfills.js:241:18
42 verbose stack     at FSReqWrap.oncomplete (fs.js:123:15)
43 verbose cwd D:\3 курс\1 семестр\КПП\GetWeatherApp
44 error Windows_NT 10.0.16299
45 error argv "C:\\Program Files\\nodejs\\node.exe" "C:\\Program Files\\nodejs\\node_modules\\npm\\bin\\npm-cli.js" "install" "cordova-plugin-geolocation@~3.0.1-dev" "--production" "--no-save"
46 error node v6.11.4
47 error npm  v3.10.10
48 error code ETARGET
49 error notarget No compatible version found: cordova-plugin-geolocation@~3.0.1-dev
49 error notarget Valid install targets:
49 error notarget 3.0.0, 2.4.3, 2.4.2, 2.4.1, 2.4.0, 2.3.0, 2.2.0, 2.1.0, 2.0.0, 1.0.1, 1.0.0, 0.3.12, 0.3.11, 0.3.10, 0.3.9, 0.3.8, 0.3.7, 0.3.6, 0.3.5, 0.3.4, 0.3.3, 0.3.2, 0.3.0
50 error notarget This is most likely not a problem with npm itself.
50 error notarget In most cases you or one of your dependencies are requesting
50 error notarget a package version that doesn't exist.
51 verbose exit [ 1, true ]
